Server on port:  4000
DB is Connected
[0mGET / [36m302[0m 24.734 ms - 62[0m
[0mGET /pantones [36m304[0m 52.017 ms - -[0m
[0mGET /css/styles.css [36m304[0m 6.712 ms - -[0m
[0mGET /favicon.ico [33m404[0m 5.860 ms - 150[0m
[0mGET /pantones/search/Avon [32m200[0m 14.841 ms - 6081[0m
[0mGET /css/styles.css [36m304[0m 4.317 ms - -[0m
[0mGET /pantones [36m304[0m 18.404 ms - -[0m
[0mGET /css/styles.css [36m304[0m 2.746 ms - -[0m
[0mGET /pantones/search/Proximo [32m200[0m 10.181 ms - 5177[0m
[0mGET /css/styles.css [36m304[0m 2.183 ms - -[0m
crema
[0mPOST /pantones/search [32m200[0m 31.084 ms - 3295[0m
[0mGET /css/styles.css [36m304[0m 2.311 ms - -[0m
crema
[0mPOST /pantones/search [32m200[0m 6.749 ms - 4095[0m
[0mGET /css/styles.css [36m304[0m 1.608 ms - -[0m
[0mGET /css/styles.css [36m304[0m 2.064 ms - -[0m
[0mGET /pantones [32m200[0m 15.927 ms - 5041[0m
[0mGET /css/styles.css [36m304[0m 2.240 ms - -[0m
[0mGET /pantones/search/Avon [32m200[0m 18.159 ms - 5287[0m
[0mGET /css/styles.css [36m304[0m 0.591 ms - -[0m
[0mGET /pantones [36m304[0m 13.422 ms - -[0m
[0mGET /css/styles.css [36m304[0m 0.654 ms - -[0m
loval
[0mPOST /pantones/search [32m200[0m 19.684 ms - 5380[0m
[0mGET /css/styles.css [36m304[0m 0.895 ms - -[0m
[0mGET /pantones [36m304[0m 12.259 ms - -[0m
[0mGET /css/styles.css [36m304[0m 0.508 ms - -[0m
[0mGET /pantones/search/Proximo [32m200[0m 17.837 ms - 4599[0m
[0mGET /css/styles.css [36m304[0m 0.563 ms - -[0m
[0mGET /pantones [36m304[0m 13.812 ms - -[0m
[0mGET /css/styles.css [36m304[0m 0.529 ms - -[0m
crema
[0mPOST /pantones/search [32m200[0m 25.503 ms - 3731[0m
[0mGET /css/styles.css [36m304[0m 0.986 ms - -[0m
[0mGET /pantones [36m304[0m 11.868 ms - -[0m
[0mGET /css/styles.css [36m304[0m 0.518 ms - -[0m
[0mGET /pantones [36m304[0m 6.894 ms - -[0m
[0mGET /css/styles.css [36m304[0m 2.686 ms - -[0m
[0mGET /pantones/add [32m200[0m 8.013 ms - 4590[0m
[0mGET /css/styles.css [36m304[0m 3.052 ms - -[0m
[0mPOST /pantones/add [36m302[0m 6.886 ms - 62[0m
[0mGET /pantones [32m200[0m 8.879 ms - 6877[0m
[0mGET /css/styles.css [36m304[0m 1.577 ms - -[0m
[0mGET /pantones/add [32m200[0m 8.677 ms - 4590[0m
[0mGET /css/styles.css [36m304[0m 3.127 ms - -[0m
[0mPOST /pantones/add [36m302[0m 2.509 ms - 62[0m
[0mGET /pantones [36m304[0m 5.963 ms - -[0m
[0mGET /css/styles.css [36m304[0m 1.522 ms - -[0m
[0mGET /pantones/search/Avon [32m200[0m 8.632 ms - 8092[0m
[0mGET /css/styles.css [36m304[0m 2.515 ms - -[0m
[0mGET /pantones [32m200[0m 8.356 ms - 6284[0m
[0mGET /css/styles.css [36m304[0m 3.090 ms - -[0m
[0mGET /pantones/search/Avon [32m200[0m 12.319 ms - 8125[0m
[0mGET /css/styles.css [36m304[0m 2.251 ms - -[0m
[0mGET /pantones [36m304[0m 8.654 ms - -[0m
[0mGET /css/styles.css [36m304[0m 1.635 ms - -[0m
[0mGET /pantones/search/Avon [32m200[0m 10.516 ms - 8125[0m
[0mGET /css/styles.css [36m304[0m 2.467 ms - -[0m
[0mGET /pantones [36m304[0m 10.526 ms - -[0m
[0mGET /css/styles.css [36m304[0m 2.362 ms - -[0m
[0mGET /pantones/search/Loval [32m200[0m 9.029 ms - 6182[0m
[0mGET /css/styles.css [36m304[0m 1.970 ms - -[0m
[0mGET /pantones [36m304[0m 10.478 ms - -[0m
[0mGET /css/styles.css [36m304[0m 4.469 ms - -[0m
[0mGET /pantones/search/Lannot [32m200[0m 9.711 ms - 5116[0m
[0mGET /css/styles.css [36m304[0m 2.914 ms - -[0m
[0mGET /pantones [36m304[0m 7.223 ms - -[0m
[0mGET /css/styles.css [36m304[0m 3.200 ms - -[0m
[0mGET /pantones/search/Proximo [32m200[0m 9.874 ms - 5184[0m
[0mGET /css/styles.css [36m304[0m 3.870 ms - -[0m
[0mGET /pantones [36m304[0m 7.989 ms - -[0m
[0mGET /css/styles.css [36m304[0m 5.806 ms - -[0m
[0mGET /pantones/search/Loval [36m304[0m 6.857 ms - -[0m
[0mGET /css/styles.css [36m304[0m 4.762 ms - -[0m
[0mGET /pantones [36m304[0m 9.650 ms - -[0m
[0mGET /css/styles.css [36m304[0m 3.429 ms - -[0m
[0mGET /pantones/add [32m200[0m 5.564 ms - 4590[0m
[0mGET /css/styles.css [36m304[0m 1.898 ms - -[0m
[0mPOST /pantones/add [36m302[0m 4.137 ms - 62[0m
[0mGET /pantones [32m200[0m 5.840 ms - 6877[0m
[0mGET /css/styles.css [36m304[0m 5.361 ms - -[0m
[0mGET /pantones/search/Avon [32m200[0m 11.847 ms - 9112[0m
[0mGET /css/styles.css [36m304[0m 3.621 ms - -[0m
[0mGET /pantones/add [32m200[0m 7.761 ms - 4590[0m
[0mGET /css/styles.css [36m304[0m 1.911 ms - -[0m
[0mPOST /pantones/add [36m302[0m 3.427 ms - 62[0m
[0mGET /pantones [36m304[0m 8.597 ms - -[0m
[0mGET /css/styles.css [36m304[0m 4.694 ms - -[0m
[0mGET /pantones/add [32m200[0m 5.361 ms - 4590[0m
[0mGET /css/styles.css [36m304[0m 2.336 ms - -[0m
[0mPOST /pantones/add [36m302[0m 4.469 ms - 62[0m
[0mGET /pantones [32m200[0m 10.530 ms - 7553[0m
[0mGET /css/styles.css [36m304[0m 2.252 ms - -[0m
[0mGET /pantones/search/Avon [32m200[0m 8.609 ms - 10106[0m
[0mGET /css/styles.css [36m304[0m 2.644 ms - -[0m
[0mGET /pantones [32m200[0m 9.888 ms - 6960[0m
[0mGET /css/styles.css [36m304[0m 2.426 ms - -[0m
[0mGET /pantones/search/Tecnonuclear [32m200[0m 9.121 ms - 4062[0m
[0mGET /css/styles.css [36m304[0m 4.152 ms - -[0m
[0mGET /pantones [32m200[0m 7.807 ms - 6960[0m
[0mGET /css/styles.css [36m304[0m 2.442 ms - -[0m
[0mGET /pantones [32m200[0m 8.132 ms - 6960[0m
[0mGET /css/styles.css [36m304[0m 1.788 ms - -[0m
[0mGET /pantones [32m200[0m 8.605 ms - 6960[0m
[0mGET /css/styles.css [36m304[0m 1.732 ms - -[0m
[0mGET /pantones [36m304[0m 9.348 ms - -[0m
[0mGET /css/styles.css [36m304[0m 3.393 ms - -[0m
[0mGET /pantones [32m200[0m 7.362 ms - 6960[0m
[0mGET /css/styles.css [36m304[0m 5.063 ms - -[0m
[0mGET /pantones [32m200[0m 9.188 ms - 6960[0m
[0mGET /css/styles.css [36m304[0m 3.097 ms - -[0m
[0mGET /pantones [36m304[0m 10.398 ms - -[0m
[0mGET /css/styles.css [36m304[0m 1.846 ms - -[0m
[0mGET /pantones/search/Avon [36m304[0m 9.635 ms - -[0m
[0mGET /css/styles.css [36m304[0m 2.374 ms - -[0m
[0mGET /pantones [36m304[0m 10.213 ms - -[0m
[0mGET /css/styles.css [36m304[0m 2.352 ms - -[0m
[0mGET /pantones/search/Lannot [36m304[0m 10.602 ms - -[0m
[0mGET /css/styles.css [36m304[0m 4.274 ms - -[0m
[0mGET /pantones [36m304[0m 7.811 ms - -[0m
[0mGET /css/styles.css [36m304[0m 6.412 ms - -[0m
[0mGET /pantones/search/Tecnonuclear [32m200[0m 10.666 ms - 4063[0m
[0mGET /css/styles.css [36m304[0m 4.807 ms - -[0m
[0mGET /pantones [36m304[0m 10.826 ms - -[0m
[0mGET /css/styles.css [36m304[0m 4.890 ms - -[0m
[0mGET /pantones [36m304[0m 9.729 ms - -[0m
[0mGET /css/styles.css [36m304[0m 1.681 ms - -[0m
[0mGET /pantones/search/Tecnonuclear [36m304[0m 9.244 ms - -[0m
[0mGET /css/styles.css [36m304[0m 1.416 ms - -[0m
[0mGET /pantones [36m304[0m 11.828 ms - -[0m
[0mGET /css/styles.css [36m304[0m 2.746 ms - -[0m
[0mGET /pantones [32m200[0m 6.755 ms - 6942[0m
[0mGET /css/styles.css [36m304[0m 4.464 ms - -[0m
[0mGET /pantones [32m200[0m 7.841 ms - 6930[0m
[0mGET /css/styles.css [36m304[0m 2.506 ms - -[0m
[0mGET /pantones [36m304[0m 7.976 ms - -[0m
[0mGET /css/styles.css [36m304[0m 2.719 ms - -[0m
[0mGET /pantones [36m304[0m 6.097 ms - -[0m
[0mGET /css/styles.css [36m304[0m 4.608 ms - -[0m
[0mGET / [36m302[0m 1.970 ms - 62[0m
[0mGET /pantones [36m304[0m 9.789 ms - -[0m
[0mGET /css/styles.css [36m304[0m 2.983 ms - -[0m
[0mGET /pantones/search/Tecnonuclear [36m304[0m 9.546 ms - -[0m
[0mGET /css/styles.css [36m304[0m 2.512 ms - -[0m
[0mGET /pantones [36m304[0m 9.162 ms - -[0m
[0mGET /css/styles.css [36m304[0m 2.044 ms - -[0m
